Registry store URI not provided. Using backend store URI.
2026/07/07 23:01:56 INFO mlflow.store.db.utils: Creating initial MLflow database tables...
2026/07/07 23:01:56 INFO mlflow.store.db.utils: Updating database tables
[MLflow] Security middleware enabled with default settings (localhost-only). To allow connections from other hosts, use --host 0.0.0.0 and configure --allowed-hosts and --cors-allowed-origins.
2026/07/07 23:01:58 WARNING mlflow.server: MLflow job execution requirements not met (MLflow job backend does not support Windows system.). Server will start without job execution support. Errors will be surfaced at job invocation time.
2026/07/07 23:01:58 INFO:     Uvicorn running on http://0.0.0.0:5000 (Press CTRL+C to quit)
2026/07/07 23:01:58 INFO:     Started parent process [16092]
C:\Users\ADMIN\AppData\Roaming\Python\Python311\site-packages\mlflow\server\fastapi_app.py:17: StarletteDeprecationWarning: starlette.middleware.wsgi is deprecated and will be removed in a future release. Please refer to https://github.com/abersheeran/a2wsgi as a replacement.
  from starlette.middleware.wsgi import WSGIResponder, build_environ
C:\Users\ADMIN\AppData\Roaming\Python\Python311\site-packages\mlflow\server\fastapi_app.py:17: StarletteDeprecationWarning: starlette.middleware.wsgi is deprecated and will be removed in a future release. Please refer to https://github.com/abersheeran/a2wsgi as a replacement.
  from starlette.middleware.wsgi import WSGIResponder, build_environ
C:\Users\ADMIN\AppData\Roaming\Python\Python311\site-packages\mlflow\server\fastapi_app.py:17: StarletteDeprecationWarning: starlette.middleware.wsgi is deprecated and will be removed in a future release. Please refer to https://github.com/abersheeran/a2wsgi as a replacement.
  from starlette.middleware.wsgi import WSGIResponder, build_environ
C:\Users\ADMIN\AppData\Roaming\Python\Python311\site-packages\mlflow\server\fastapi_app.py:17: StarletteDeprecationWarning: starlette.middleware.wsgi is deprecated and will be removed in a future release. Please refer to https://github.com/abersheeran/a2wsgi as a replacement.
  from starlette.middleware.wsgi import WSGIResponder, build_environ
2026/07/07 23:02:02 INFO:     Started server process [43156]
2026/07/07 23:02:02 INFO:     Started server process [42656]
2026/07/07 23:02:02 INFO:     Started server process [4020]
2026/07/07 23:02:02 INFO:     Started server process [24348]
2026/07/07 23:02:02 INFO:     Waiting for application startup.
2026/07/07 23:02:02 INFO:     Waiting for application startup.
2026/07/07 23:02:02 INFO:     Waiting for application startup.
2026/07/07 23:02:02 INFO:     Waiting for application startup.
2026/07/07 23:02:02 INFO:     Application startup complete.
2026/07/07 23:02:02 INFO:     Application startup complete.
2026/07/07 23:02:02 INFO:     Application startup complete.
2026/07/07 23:02:02 INFO:     Application startup complete.
2026/07/07 23:02:02 ERROR:    Traceback (most recent call last):
  File "C:\Users\ADMIN\AppData\Roaming\Python\Python311\site-packages\uvicorn\_compat.py", line 30, in asyncio_run
    return runner.run(main)
           ^^^^^^^^^^^^^^^^
  File "C:\Program Files\Python311\Lib\asyncio\runners.py", line 118, in run
    return self._loop.run_until_complete(task)
           ^^^^^^^^^^^^^^^^^^^^^^^^^^^^^^^^^^^
  File "C:\Program Files\Python311\Lib\asyncio\base_events.py", line 650, in run_until_complete
    return future.result()
           ^^^^^^^^^^^^^^^
  File "C:\Users\ADMIN\AppData\Roaming\Python\Python311\site-packages\uvicorn\server.py", line 78, in serve
    await self._serve(sockets)
  File "C:\Users\ADMIN\AppData\Roaming\Python\Python311\site-packages\uvicorn\server.py", line 93, in _serve
    await self.startup(sockets=sockets)
  File "C:\Users\ADMIN\AppData\Roaming\Python\Python311\site-packages\uvicorn\server.py", line 142, in startup
    server = await loop.create_server(create_protocol, sock=sock, ssl=config.ssl, backlog=config.backlog)
             ^^^^^^^^^^^^^^^^^^^^^^^^^^^^^^^^^^^^^^^^^^^^^^^^^^^^^^^^^^^^^^^^^^^^^^^^^^^^^^^^^^^^^^^^^^^^
  File "C:\Program Files\Python311\Lib\asyncio\base_events.py", line 1533, in create_server
    server._start_serving()
  File "C:\Program Files\Python311\Lib\asyncio\base_events.py", line 315, in _start_serving
    sock.listen(self._backlog)
OSError: [WinError 10022] An invalid argument was supplied

During handling of the above exception, another exception occurred:

Traceback (most recent call last):
  File "C:\Program Files\Python311\Lib\contextlib.py", line 222, in __aexit__
    await self.gen.athrow(typ, value, traceback)
  File "C:\Program Files\Python311\Lib\contextlib.py", line 222, in __aexit__
    await self.gen.athrow(typ, value, traceback)
  File "C:\Program Files\Python311\Lib\contextlib.py", line 222, in __aexit__
    await self.gen.athrow(typ, value, traceback)
  [Previous line repeated 1 more time]
  File "C:\Users\ADMIN\AppData\Roaming\Python\Python311\site-packages\fastapi\routing.py", line 235, in merged_lifespan
    yield None  # old ASGI compatibility
    ^^^^^^^^^^
  File "C:\Users\ADMIN\AppData\Roaming\Python\Python311\site-packages\fastapi\routing.py", line 235, in merged_lifespan
    yield None  # old ASGI compatibility
    ^^^^^^^^^^
  File "C:\Users\ADMIN\AppData\Roaming\Python\Python311\site-packages\fastapi\routing.py", line 235, in merged_lifespan
    yield None  # old ASGI compatibility
    ^^^^^^^^^^
  [Previous line repeated 1 more time]
  File "C:\Users\ADMIN\AppData\Roaming\Python\Python311\site-packages\starlette\routing.py", line 645, in lifespan
    await receive()
  File "C:\Users\ADMIN\AppData\Roaming\Python\Python311\site-packages\uvicorn\lifespan\on.py", line 137, in receive
    return await self.receive_queue.get()
           ^^^^^^^^^^^^^^^^^^^^^^^^^^^^^^
  File "C:\Program Files\Python311\Lib\asyncio\queues.py", line 158, in get
    await getter
asyncio.exceptions.CancelledError

2026/07/07 23:02:02 ERROR:    Traceback (most recent call last):
  File "C:\Users\ADMIN\AppData\Roaming\Python\Python311\site-packages\uvicorn\_compat.py", line 30, in asyncio_run
    return runner.run(main)
           ^^^^^^^^^^^^^^^^
  File "C:\Program Files\Python311\Lib\asyncio\runners.py", line 118, in run
    return self._loop.run_until_complete(task)
           ^^^^^^^^^^^^^^^^^^^^^^^^^^^^^^^^^^^
  File "C:\Program Files\Python311\Lib\asyncio\base_events.py", line 650, in run_until_complete
    return future.result()
           ^^^^^^^^^^^^^^^
  File "C:\Users\ADMIN\AppData\Roaming\Python\Python311\site-packages\uvicorn\server.py", line 78, in serve
    await self._serve(sockets)
  File "C:\Users\ADMIN\AppData\Roaming\Python\Python311\site-packages\uvicorn\server.py", line 93, in _serve
    await self.startup(sockets=sockets)
  File "C:\Users\ADMIN\AppData\Roaming\Python\Python311\site-packages\uvicorn\server.py", line 142, in startup
    server = await loop.create_server(create_protocol, sock=sock, ssl=config.ssl, backlog=config.backlog)
             ^^^^^^^^^^^^^^^^^^^^^^^^^^^^^^^^^^^^^^^^^^^^^^^^^^^^^^^^^^^^^^^^^^^^^^^^^^^^^^^^^^^^^^^^^^^^
  File "C:\Program Files\Python311\Lib\asyncio\base_events.py", line 1533, in create_server
    server._start_serving()
  File "C:\Program Files\Python311\Lib\asyncio\base_events.py", line 315, in _start_serving
    sock.listen(self._backlog)
OSError: [WinError 10022] An invalid argument was supplied

During handling of the above exception, another exception occurred:

Traceback (most recent call last):
  File "C:\Program Files\Python311\Lib\contextlib.py", line 222, in __aexit__
    await self.gen.athrow(typ, value, traceback)
  File "C:\Program Files\Python311\Lib\contextlib.py", line 222, in __aexit__
    await self.gen.athrow(typ, value, traceback)
  File "C:\Program Files\Python311\Lib\contextlib.py", line 222, in __aexit__
    await self.gen.athrow(typ, value, traceback)
  [Previous line repeated 1 more time]
  File "C:\Users\ADMIN\AppData\Roaming\Python\Python311\site-packages\fastapi\routing.py", line 235, in merged_lifespan
    yield None  # old ASGI compatibility
    ^^^^^^^^^^
  File "C:\Users\ADMIN\AppData\Roaming\Python\Python311\site-packages\fastapi\routing.py", line 235, in merged_lifespan
    yield None  # old ASGI compatibility
    ^^^^^^^^^^
  File "C:\Users\ADMIN\AppData\Roaming\Python\Python311\site-packages\fastapi\routing.py", line 235, in merged_lifespan
    yield None  # old ASGI compatibility
    ^^^^^^^^^^
  [Previous line repeated 1 more time]
  File "C:\Users\ADMIN\AppData\Roaming\Python\Python311\site-packages\starlette\routing.py", line 645, in lifespan
    await receive()
  File "C:\Users\ADMIN\AppData\Roaming\Python\Python311\site-packages\uvicorn\lifespan\on.py", line 137, in receive
    return await self.receive_queue.get()
           ^^^^^^^^^^^^^^^^^^^^^^^^^^^^^^
  File "C:\Program Files\Python311\Lib\asyncio\queues.py", line 158, in get
    await getter
asyncio.exceptions.CancelledError

2026/07/07 23:02:02 ERROR:    Traceback (most recent call last):
  File "C:\Users\ADMIN\AppData\Roaming\Python\Python311\site-packages\uvicorn\_compat.py", line 30, in asyncio_run
    return runner.run(main)
           ^^^^^^^^^^^^^^^^
  File "C:\Program Files\Python311\Lib\asyncio\runners.py", line 118, in run
    return self._loop.run_until_complete(task)
           ^^^^^^^^^^^^^^^^^^^^^^^^^^^^^^^^^^^
  File "C:\Program Files\Python311\Lib\asyncio\base_events.py", line 650, in run_until_complete
    return future.result()
           ^^^^^^^^^^^^^^^
  File "C:\Users\ADMIN\AppData\Roaming\Python\Python311\site-packages\uvicorn\server.py", line 78, in serve
    await self._serve(sockets)
  File "C:\Users\ADMIN\AppData\Roaming\Python\Python311\site-packages\uvicorn\server.py", line 93, in _serve
    await self.startup(sockets=sockets)
  File "C:\Users\ADMIN\AppData\Roaming\Python\Python311\site-packages\uvicorn\server.py", line 142, in startup
    server = await loop.create_server(create_protocol, sock=sock, ssl=config.ssl, backlog=config.backlog)
             ^^^^^^^^^^^^^^^^^^^^^^^^^^^^^^^^^^^^^^^^^^^^^^^^^^^^^^^^^^^^^^^^^^^^^^^^^^^^^^^^^^^^^^^^^^^^
  File "C:\Program Files\Python311\Lib\asyncio\base_events.py", line 1533, in create_server
    server._start_serving()
  File "C:\Program Files\Python311\Lib\asyncio\base_events.py", line 315, in _start_serving
    sock.listen(self._backlog)
OSError: [WinError 10022] An invalid argument was supplied

During handling of the above exception, another exception occurred:

Traceback (most recent call last):
  File "C:\Program Files\Python311\Lib\contextlib.py", line 222, in __aexit__
    await self.gen.athrow(typ, value, traceback)
  File "C:\Program Files\Python311\Lib\contextlib.py", line 222, in __aexit__
    await self.gen.athrow(typ, value, traceback)
  File "C:\Program Files\Python311\Lib\contextlib.py", line 222, in __aexit__
    await self.gen.athrow(typ, value, traceback)
  [Previous line repeated 1 more time]
  File "C:\Users\ADMIN\AppData\Roaming\Python\Python311\site-packages\fastapi\routing.py", line 235, in merged_lifespan
    yield None  # old ASGI compatibility
    ^^^^^^^^^^
  File "C:\Users\ADMIN\AppData\Roaming\Python\Python311\site-packages\fastapi\routing.py", line 235, in merged_lifespan
    yield None  # old ASGI compatibility
    ^^^^^^^^^^
  File "C:\Users\ADMIN\AppData\Roaming\Python\Python311\site-packages\fastapi\routing.py", line 235, in merged_lifespan
    yield None  # old ASGI compatibility
    ^^^^^^^^^^
  [Previous line repeated 1 more time]
  File "C:\Users\ADMIN\AppData\Roaming\Python\Python311\site-packages\starlette\routing.py", line 645, in lifespan
    await receive()
  File "C:\Users\ADMIN\AppData\Roaming\Python\Python311\site-packages\uvicorn\lifespan\on.py", line 137, in receive
    return await self.receive_queue.get()
           ^^^^^^^^^^^^^^^^^^^^^^^^^^^^^^
  File "C:\Program Files\Python311\Lib\asyncio\queues.py", line 158, in get
    await getter
asyncio.exceptions.CancelledError

Process SpawnProcess-2:
Process SpawnProcess-1:
Process SpawnProcess-3:
Traceback (most recent call last):
Traceback (most recent call last):
Traceback (most recent call last):
  File "C:\Program Files\Python311\Lib\multiprocessing\process.py", line 314, in _bootstrap
    self.run()
  File "C:\Program Files\Python311\Lib\multiprocessing\process.py", line 314, in _bootstrap
    self.run()
  File "C:\Program Files\Python311\Lib\multiprocessing\process.py", line 108, in run
    self._target(*self._args, **self._kwargs)
  File "C:\Program Files\Python311\Lib\multiprocessing\process.py", line 108, in run
    self._target(*self._args, **self._kwargs)
  File "C:\Program Files\Python311\Lib\multiprocessing\process.py", line 314, in _bootstrap
    self.run()
  File "C:\Users\ADMIN\AppData\Roaming\Python\Python311\site-packages\uvicorn\_subprocess.py", line 80, in subprocess_started
    target(sockets=sockets)
  File "C:\Program Files\Python311\Lib\multiprocessing\process.py", line 108, in run
    self._target(*self._args, **self._kwargs)
  File "C:\Users\ADMIN\AppData\Roaming\Python\Python311\site-packages\uvicorn\_subprocess.py", line 80, in subprocess_started
    target(sockets=sockets)
  File "C:\Users\ADMIN\AppData\Roaming\Python\Python311\site-packages\uvicorn\supervisors\multiprocess.py", line 68, in target
    return self.real_target(sockets)
           ^^^^^^^^^^^^^^^^^^^^^^^^^
  File "C:\Users\ADMIN\AppData\Roaming\Python\Python311\site-packages\uvicorn\_subprocess.py", line 80, in subprocess_started
    target(sockets=sockets)
  File "C:\Users\ADMIN\AppData\Roaming\Python\Python311\site-packages\uvicorn\supervisors\multiprocess.py", line 68, in target
    return self.real_target(sockets)
           ^^^^^^^^^^^^^^^^^^^^^^^^^
  File "C:\Users\ADMIN\AppData\Roaming\Python\Python311\site-packages\uvicorn\server.py", line 74, in run
    return asyncio_run(self.serve(sockets=sockets), loop_factory=self.config.get_loop_factory())
           ^^^^^^^^^^^^^^^^^^^^^^^^^^^^^^^^^^^^^^^^^^^^^^^^^^^^^^^^^^^^^^^^^^^^^^^^^^^^^^^^^^^^^
  File "C:\Users\ADMIN\AppData\Roaming\Python\Python311\site-packages\uvicorn\supervisors\multiprocess.py", line 68, in target
    return self.real_target(sockets)
           ^^^^^^^^^^^^^^^^^^^^^^^^^
  File "C:\Users\ADMIN\AppData\Roaming\Python\Python311\site-packages\uvicorn\server.py", line 74, in run
    return asyncio_run(self.serve(sockets=sockets), loop_factory=self.config.get_loop_factory())
           ^^^^^^^^^^^^^^^^^^^^^^^^^^^^^^^^^^^^^^^^^^^^^^^^^^^^^^^^^^^^^^^^^^^^^^^^^^^^^^^^^^^^^
  File "C:\Users\ADMIN\AppData\Roaming\Python\Python311\site-packages\uvicorn\_compat.py", line 30, in asyncio_run
    return runner.run(main)
           ^^^^^^^^^^^^^^^^
  File "C:\Users\ADMIN\AppData\Roaming\Python\Python311\site-packages\uvicorn\server.py", line 74, in run
    return asyncio_run(self.serve(sockets=sockets), loop_factory=self.config.get_loop_factory())
           ^^^^^^^^^^^^^^^^^^^^^^^^^^^^^^^^^^^^^^^^^^^^^^^^^^^^^^^^^^^^^^^^^^^^^^^^^^^^^^^^^^^^^
  File "C:\Users\ADMIN\AppData\Roaming\Python\Python311\site-packages\uvicorn\_compat.py", line 30, in asyncio_run
    return runner.run(main)
           ^^^^^^^^^^^^^^^^
  File "C:\Users\ADMIN\AppData\Roaming\Python\Python311\site-packages\uvicorn\_compat.py", line 30, in asyncio_run
    return runner.run(main)
           ^^^^^^^^^^^^^^^^
  File "C:\Program Files\Python311\Lib\asyncio\runners.py", line 118, in run
    return self._loop.run_until_complete(task)
           ^^^^^^^^^^^^^^^^^^^^^^^^^^^^^^^^^^^
  File "C:\Program Files\Python311\Lib\asyncio\runners.py", line 118, in run
    return self._loop.run_until_complete(task)
           ^^^^^^^^^^^^^^^^^^^^^^^^^^^^^^^^^^^
  File "C:\Program Files\Python311\Lib\asyncio\runners.py", line 118, in run
    return self._loop.run_until_complete(task)
           ^^^^^^^^^^^^^^^^^^^^^^^^^^^^^^^^^^^
  File "C:\Program Files\Python311\Lib\asyncio\base_events.py", line 650, in run_until_complete
    return future.result()
           ^^^^^^^^^^^^^^^
  File "C:\Program Files\Python311\Lib\asyncio\base_events.py", line 650, in run_until_complete
    return future.result()
           ^^^^^^^^^^^^^^^
  File "C:\Program Files\Python311\Lib\asyncio\base_events.py", line 650, in run_until_complete
    return future.result()
           ^^^^^^^^^^^^^^^
  File "C:\Users\ADMIN\AppData\Roaming\Python\Python311\site-packages\uvicorn\server.py", line 78, in serve
    await self._serve(sockets)
  File "C:\Users\ADMIN\AppData\Roaming\Python\Python311\site-packages\uvicorn\server.py", line 78, in serve
    await self._serve(sockets)
  File "C:\Users\ADMIN\AppData\Roaming\Python\Python311\site-packages\uvicorn\server.py", line 93, in _serve
    await self.startup(sockets=sockets)
  File "C:\Users\ADMIN\AppData\Roaming\Python\Python311\site-packages\uvicorn\server.py", line 93, in _serve
    await self.startup(sockets=sockets)
  File "C:\Users\ADMIN\AppData\Roaming\Python\Python311\site-packages\uvicorn\server.py", line 78, in serve
    await self._serve(sockets)
  File "C:\Users\ADMIN\AppData\Roaming\Python\Python311\site-packages\uvicorn\server.py", line 142, in startup
    server = await loop.create_server(create_protocol, sock=sock, ssl=config.ssl, backlog=config.backlog)
             ^^^^^^^^^^^^^^^^^^^^^^^^^^^^^^^^^^^^^^^^^^^^^^^^^^^^^^^^^^^^^^^^^^^^^^^^^^^^^^^^^^^^^^^^^^^^
  File "C:\Users\ADMIN\AppData\Roaming\Python\Python311\site-packages\uvicorn\server.py", line 142, in startup
    server = await loop.create_server(create_protocol, sock=sock, ssl=config.ssl, backlog=config.backlog)
             ^^^^^^^^^^^^^^^^^^^^^^^^^^^^^^^^^^^^^^^^^^^^^^^^^^^^^^^^^^^^^^^^^^^^^^^^^^^^^^^^^^^^^^^^^^^^
  File "C:\Users\ADMIN\AppData\Roaming\Python\Python311\site-packages\uvicorn\server.py", line 93, in _serve
    await self.startup(sockets=sockets)
  File "C:\Program Files\Python311\Lib\asyncio\base_events.py", line 1533, in create_server
    server._start_serving()
  File "C:\Program Files\Python311\Lib\asyncio\base_events.py", line 315, in _start_serving
    sock.listen(self._backlog)
  File "C:\Users\ADMIN\AppData\Roaming\Python\Python311\site-packages\uvicorn\server.py", line 142, in startup
    server = await loop.create_server(create_protocol, sock=sock, ssl=config.ssl, backlog=config.backlog)
             ^^^^^^^^^^^^^^^^^^^^^^^^^^^^^^^^^^^^^^^^^^^^^^^^^^^^^^^^^^^^^^^^^^^^^^^^^^^^^^^^^^^^^^^^^^^^
  File "C:\Program Files\Python311\Lib\asyncio\base_events.py", line 1533, in create_server
    server._start_serving()
OSError: [WinError 10022] An invalid argument was supplied
  File "C:\Program Files\Python311\Lib\asyncio\base_events.py", line 1533, in create_server
    server._start_serving()
  File "C:\Program Files\Python311\Lib\asyncio\base_events.py", line 315, in _start_serving
    sock.listen(self._backlog)
  File "C:\Program Files\Python311\Lib\asyncio\base_events.py", line 315, in _start_serving
    sock.listen(self._backlog)
OSError: [WinError 10022] An invalid argument was supplied
OSError: [WinError 10022] An invalid argument was supplied
2026/07/07 23:02:03 INFO:     127.0.0.1:54353 - "GET /health HTTP/1.1" 200 OK
2026/07/07 23:02:03 INFO:     127.0.0.1:54355 - "GET /health HTTP/1.1" 200 OK
2026/07/07 23:02:08 INFO:     Waiting for child process [42656]
2026/07/07 23:02:08 INFO:     Child process [42656] died
2026/07/07 23:02:08 INFO:     Waiting for child process [43156]
2026/07/07 23:02:08 INFO:     Child process [43156] died
2026/07/07 23:02:08 INFO:     Waiting for child process [4020]
2026/07/07 23:02:08 INFO:     Child process [4020] died
C:\Users\ADMIN\AppData\Roaming\Python\Python311\site-packages\mlflow\server\fastapi_app.py:17: StarletteDeprecationWarning: starlette.middleware.wsgi is deprecated and will be removed in a future release. Please refer to https://github.com/abersheeran/a2wsgi as a replacement.
  from starlette.middleware.wsgi import WSGIResponder, build_environ
C:\Users\ADMIN\AppData\Roaming\Python\Python311\site-packages\mlflow\server\fastapi_app.py:17: StarletteDeprecationWarning: starlette.middleware.wsgi is deprecated and will be removed in a future release. Please refer to https://github.com/abersheeran/a2wsgi as a replacement.
  from starlette.middleware.wsgi import WSGIResponder, build_environ
C:\Users\ADMIN\AppData\Roaming\Python\Python311\site-packages\mlflow\server\fastapi_app.py:17: StarletteDeprecationWarning: starlette.middleware.wsgi is deprecated and will be removed in a future release. Please refer to https://github.com/abersheeran/a2wsgi as a replacement.
  from starlette.middleware.wsgi import WSGIResponder, build_environ
2026/07/07 23:02:13 INFO:     Started server process [7172]
2026/07/07 23:02:13 INFO:     Waiting for application startup.
2026/07/07 23:02:13 INFO:     Application startup complete.
2026/07/07 23:02:13 INFO:     Started server process [19956]
2026/07/07 23:02:13 INFO:     Waiting for application startup.
2026/07/07 23:02:13 INFO:     Application startup complete.
2026/07/07 23:02:13 INFO:     Started server process [5204]
2026/07/07 23:02:13 INFO:     Waiting for application startup.
2026/07/07 23:02:13 INFO:     Application startup complete.
2026/07/07 23:04:12 INFO:     127.0.0.1:62803 - "GET /api/2.0/mlflow/experiments/get-by-name?experiment_name=agent-p-solar-analytics HTTP/1.1" 404 Not Found
2026/07/07 23:04:12 INFO:     127.0.0.1:62803 - "POST /api/2.0/mlflow/experiments/create HTTP/1.1" 200 OK
2026/07/07 23:04:12 INFO:     127.0.0.1:62803 - "GET /api/2.0/mlflow/experiments/get?experiment_id=1 HTTP/1.1" 200 OK
2026/07/07 23:04:16 INFO:     127.0.0.1:62807 - "GET /api/3.0/mlflow/server-info HTTP/1.1" 200 OK
2026/07/07 23:04:24 INFO:     127.0.0.1:57906 - "GET /version HTTP/1.1" 200 OK
2026/07/07 23:04:26 INFO:     127.0.0.1:57912 - "POST /v1/traces HTTP/1.1" 200 OK
2026/07/07 23:04:27 INFO:     127.0.0.1:57912 - "POST /api/3.0/mlflow/traces HTTP/1.1" 200 OK
2026/07/07 23:04:29 INFO:     127.0.0.1:57914 - "POST /v1/traces HTTP/1.1" 200 OK
2026/07/07 23:05:09 INFO:     127.0.0.1:60274 - "POST /api/3.0/mlflow/traces HTTP/1.1" 200 OK
2026/07/07 23:05:09 INFO:     127.0.0.1:60274 - "PUT /api/2.0/mlflow-artifacts/artifacts/1/traces/tr-6e3ca8916e1f04ea8f63179fde4f4785/artifacts/traces.json HTTP/1.1" 200 OK
2026/07/07 23:05:10 INFO:     127.0.0.1:60273 - "POST /v1/traces HTTP/1.1" 200 OK
2026/07/07 23:09:56 INFO:     127.0.0.1:56497 - "GET /api/2.0/mlflow/experiments/get-by-name?experiment_name=agent-p-solar-analytics HTTP/1.1" 200 OK
2026/07/07 23:10:08 INFO:     127.0.0.1:56521 - "GET /version HTTP/1.1" 200 OK
2026/07/07 23:10:08 INFO:     127.0.0.1:56522 - "POST /api/3.0/mlflow/traces HTTP/1.1" 200 OK
2026/07/07 23:10:08 INFO:     127.0.0.1:56522 - "PUT /api/2.0/mlflow-artifacts/artifacts/1/traces/tr-ab7ebe503f9dcdaa51ee95c426320f0c/artifacts/traces.json HTTP/1.1" 200 OK
2026/07/07 23:10:10 INFO:     127.0.0.1:56526 - "POST /v1/traces HTTP/1.1" 200 OK
2026/07/07 23:10:12 INFO:     127.0.0.1:56529 - "GET /api/3.0/mlflow/server-info HTTP/1.1" 200 OK
2026/07/07 23:11:59 INFO:     127.0.0.1:53012 - "POST /api/3.0/mlflow/traces HTTP/1.1" 200 OK
2026/07/07 23:11:59 INFO:     127.0.0.1:53012 - "PUT /api/2.0/mlflow-artifacts/artifacts/1/traces/tr-8f80696d3dc8c14d433313c7d65eaaa8/artifacts/traces.json HTTP/1.1" 200 OK
2026/07/07 23:11:59 INFO:     127.0.0.1:53011 - "POST /v1/traces HTTP/1.1" 200 OK
2026/07/07 23:12:39 INFO:     127.0.0.1:58486 - "GET /api/2.0/mlflow/experiments/get-by-name?experiment_name=agent-p-solar-analytics HTTP/1.1" 200 OK
2026/07/07 23:12:42 INFO:     127.0.0.1:58489 - "GET /version HTTP/1.1" 200 OK
2026/07/07 23:14:44 INFO:     127.0.0.1:63063 - "POST /v1/traces HTTP/1.1" 200 OK
2026/07/07 23:14:44 INFO:     127.0.0.1:63063 - "POST /api/3.0/mlflow/traces HTTP/1.1" 200 OK
2026/07/07 23:14:44 INFO:     127.0.0.1:63063 - "POST /api/3.0/mlflow/traces HTTP/1.1" 200 OK
2026/07/07 23:15:49 ERROR:    Exception in ASGI application
  + Exception Group Traceback (most recent call last):
  |   File "C:\Users\ADMIN\AppData\Roaming\Python\Python311\site-packages\starlette\_utils.py", line 85, in create_collapsing_task_group
  |     async with anyio.create_task_group() as tg:
  |   File "C:\Users\ADMIN\AppData\Roaming\Python\Python311\site-packages\anyio\_backends\_asyncio.py", line 811, in __aexit__
  |     raise BaseExceptionGroup(
  | ExceptionGroup: unhandled errors in a TaskGroup (1 sub-exception)
  +-+---------------- 1 ----------------
    | Traceback (most recent call last):
    |   File "C:\Users\ADMIN\AppData\Roaming\Python\Python311\site-packages\uvicorn\protocols\http\httptools_impl.py", line 422, in run_asgi
    |     result = await app(  # type: ignore[func-returns-value]
    |              ^^^^^^^^^^^^^^^^^^^^^^^^^^^^^^^^^^^^^^^^^^^^^^
    |   File "C:\Users\ADMIN\AppData\Roaming\Python\Python311\site-packages\uvicorn\middleware\proxy_headers.py", line 63, in __call__
    |     return await self.app(scope, receive, send)
    |            ^^^^^^^^^^^^^^^^^^^^^^^^^^^^^^^^^^^^
    |   File "C:\Users\ADMIN\AppData\Roaming\Python\Python311\site-packages\fastapi\applications.py", line 1163, in __call__
    |     await super().__call__(scope, receive, send)
    |   File "C:\Users\ADMIN\AppData\Roaming\Python\Python311\site-packages\starlette\applications.py", line 90, in __call__
    |     await self.middleware_stack(scope, receive, send)
    |   File "C:\Users\ADMIN\AppData\Roaming\Python\Python311\site-packages\starlette\middleware\errors.py", line 186, in __call__
    |     raise exc
    |   File "C:\Users\ADMIN\AppData\Roaming\Python\Python311\site-packages\starlette\middleware\errors.py", line 164, in __call__
    |     await self.app(scope, receive, _send)
    |   File "C:\Program Files\Python311\Lib\contextlib.py", line 222, in __aexit__
    |     await self.gen.athrow(typ, value, traceback)
    |   File "C:\Users\ADMIN\AppData\Roaming\Python\Python311\site-packages\starlette\_utils.py", line 93, in create_collapsing_task_group
    |     raise exc from exc.__cause__ or context
    |   File "C:\Users\ADMIN\AppData\Roaming\Python\Python311\site-packages\starlette\_utils.py", line 86, in create_collapsing_task_group
    |     yield tg
    |   File "C:\Users\ADMIN\AppData\Roaming\Python\Python311\site-packages\starlette\middleware\base.py", line 193, in __call__
    |     response = await self.dispatch_func(request, call_next)
    |                ^^^^^^^^^^^^^^^^^^^^^^^^^^^^^^^^^^^^^^^^^^^^
    |   File "C:\Users\ADMIN\AppData\Roaming\Python\Python311\site-packages\mlflow\server\fastapi_app.py", line 119, in gateway_timing_middleware
    |     return await call_next(request)
    |            ^^^^^^^^^^^^^^^^^^^^^^^^
    |   File "C:\Users\ADMIN\AppData\Roaming\Python\Python311\site-packages\starlette\middleware\base.py", line 168, in call_next
    |     raise app_exc from app_exc.__cause__ or app_exc.__context__
    |   File "C:\Users\ADMIN\AppData\Roaming\Python\Python311\site-packages\starlette\middleware\base.py", line 144, in coro
    |     await self.app(scope, receive_or_disconnect, send_no_error)
    |   File "C:\Program Files\Python311\Lib\contextlib.py", line 222, in __aexit__
    |     await self.gen.athrow(typ, value, traceback)
    |   File "C:\Users\ADMIN\AppData\Roaming\Python\Python311\site-packages\starlette\_utils.py", line 93, in create_collapsing_task_group
    |     raise exc from exc.__cause__ or context
    |   File "C:\Users\ADMIN\AppData\Roaming\Python\Python311\site-packages\starlette\_utils.py", line 86, in create_collapsing_task_group
    |     yield tg
    |   File "C:\Users\ADMIN\AppData\Roaming\Python\Python311\site-packages\starlette\middleware\base.py", line 193, in __call__
    |     response = await self.dispatch_func(request, call_next)
    |                ^^^^^^^^^^^^^^^^^^^^^^^^^^^^^^^^^^^^^^^^^^^^
    |   File "C:\Users\ADMIN\AppData\Roaming\Python\Python311\site-packages\mlflow\server\fastapi_app.py", line 104, in workspace_context_middleware
    |     response = await call_next(request)
    |                ^^^^^^^^^^^^^^^^^^^^^^^^
    |   File "C:\Users\ADMIN\AppData\Roaming\Python\Python311\site-packages\starlette\middleware\base.py", line 168, in call_next
    |     raise app_exc from app_exc.__cause__ or app_exc.__context__
    |   File "C:\Users\ADMIN\AppData\Roaming\Python\Python311\site-packages\starlette\middleware\base.py", line 144, in coro
    |     await self.app(scope, receive_or_disconnect, send_no_error)
    |   File "C:\Users\ADMIN\AppData\Roaming\Python\Python311\site-packages\mlflow\server\fastapi_security.py", line 59, in __call__
    |     return await self.app(scope, receive, send)
    |            ^^^^^^^^^^^^^^^^^^^^^^^^^^^^^^^^^^^^
    |   File "C:\Users\ADMIN\AppData\Roaming\Python\Python311\site-packages\starlette\middleware\cors.py", line 88, in __call__
    |     await self.app(scope, receive, send)
    |   File "C:\Users\ADMIN\AppData\Roaming\Python\Python311\site-packages\mlflow\server\fastapi_security.py", line 114, in __call__
    |     return await self.app(scope, receive, send)
    |            ^^^^^^^^^^^^^^^^^^^^^^^^^^^^^^^^^^^^
    |   File "C:\Users\ADMIN\AppData\Roaming\Python\Python311\site-packages\mlflow\server\fastapi_security.py", line 99, in __call__
    |     await self.app(scope, receive, send_wrapper)
    |   File "C:\Users\ADMIN\AppData\Roaming\Python\Python311\site-packages\starlette\middleware\exceptions.py", line 63, in __call__
    |     await wrap_app_handling_exceptions(self.app, conn)(scope, receive, send)
    |   File "C:\Users\ADMIN\AppData\Roaming\Python\Python311\site-packages\starlette\_exception_handler.py", line 53, in wrapped_app
    |     raise exc
    |   File "C:\Users\ADMIN\AppData\Roaming\Python\Python311\site-packages\starlette\_exception_handler.py", line 42, in wrapped_app
    |     await app(scope, receive, sender)
    |   File "C:\Users\ADMIN\AppData\Roaming\Python\Python311\site-packages\fastapi\middleware\asyncexitstack.py", line 18, in __call__
    |     await self.app(scope, receive, send)
    |   File "C:\Users\ADMIN\AppData\Roaming\Python\Python311\site-packages\starlette\routing.py", line 660, in __call__
    |     await self.middleware_stack(scope, receive, send)
    |   File "C:\Users\ADMIN\AppData\Roaming\Python\Python311\site-packages\fastapi\routing.py", line 2683, in app
    |     await route.handle(scope, receive, send)
    |   File "C:\Users\ADMIN\AppData\Roaming\Python\Python311\site-packages\fastapi\routing.py", line 1753, in handle
    |     await self.original_router.handle(scope, receive, send)
    |   File "C:\Users\ADMIN\AppData\Roaming\Python\Python311\site-packages\fastapi\routing.py", line 2738, in handle
    |     await included_router._handle_selected(scope, receive, send)
    |   File "C:\Users\ADMIN\AppData\Roaming\Python\Python311\site-packages\fastapi\routing.py", line 1773, in _handle_selected
    |     await original_route.handle(scope, receive, send)
    |   File "C:\Users\ADMIN\AppData\Roaming\Python\Python311\site-packages\fastapi\routing.py", line 1264, in handle
    |     await app(scope, receive, send)
    |   File "C:\Users\ADMIN\AppData\Roaming\Python\Python311\site-packages\fastapi\routing.py", line 150, in app
    |     await wrap_app_handling_exceptions(app, request)(scope, receive, send)
    |   File "C:\Users\ADMIN\AppData\Roaming\Python\Python311\site-packages\starlette\_exception_handler.py", line 53, in wrapped_app
    |     raise exc
    |   File "C:\Users\ADMIN\AppData\Roaming\Python\Python311\site-packages\starlette\_exception_handler.py", line 42, in wrapped_app
    |     await app(scope, receive, sender)
    |   File "C:\Users\ADMIN\AppData\Roaming\Python\Python311\site-packages\fastapi\routing.py", line 136, in app
    |     response = await f(request)
    |                ^^^^^^^^^^^^^^^^
    |   File "C:\Users\ADMIN\AppData\Roaming\Python\Python311\site-packages\fastapi\routing.py", line 690, in app
    |     raw_response = await run_endpoint_function(
    |                    ^^^^^^^^^^^^^^^^^^^^^^^^^^^^
    |   File "C:\Users\ADMIN\AppData\Roaming\Python\Python311\site-packages\fastapi\routing.py", line 344, in run_endpoint_function
    |     return await dependant.call(**values)
    |            ^^^^^^^^^^^^^^^^^^^^^^^^^^^^^^
    |   File "C:\Users\ADMIN\AppData\Roaming\Python\Python311\site-packages\mlflow\server\otel_api.py", line 139, in export_traces
    |     body = await request.body()
    |            ^^^^^^^^^^^^^^^^^^^^
    |   File "C:\Users\ADMIN\AppData\Roaming\Python\Python311\site-packages\starlette\requests.py", line 257, in body
    |     async for chunk in self.stream():
    |   File "C:\Users\ADMIN\AppData\Roaming\Python\Python311\site-packages\starlette\requests.py", line 251, in stream
    |     raise ClientDisconnect()
    | starlette.requests.ClientDisconnect
    +------------------------------------

The above exception was the direct cause of the following exception:

Traceback (most recent call last):
  File "C:\Users\ADMIN\AppData\Roaming\Python\Python311\site-packages\uvicorn\protocols\http\httptools_impl.py", line 422, in run_asgi
    result = await app(  # type: ignore[func-returns-value]
             ^^^^^^^^^^^^^^^^^^^^^^^^^^^^^^^^^^^^^^^^^^^^^^
  File "C:\Users\ADMIN\AppData\Roaming\Python\Python311\site-packages\uvicorn\middleware\proxy_headers.py", line 63, in __call__
    return await self.app(scope, receive, send)
           ^^^^^^^^^^^^^^^^^^^^^^^^^^^^^^^^^^^^
  File "C:\Users\ADMIN\AppData\Roaming\Python\Python311\site-packages\fastapi\applications.py", line 1163, in __call__
    await super().__call__(scope, receive, send)
  File "C:\Users\ADMIN\AppData\Roaming\Python\Python311\site-packages\starlette\applications.py", line 90, in __call__
    await self.middleware_stack(scope, receive, send)
  File "C:\Users\ADMIN\AppData\Roaming\Python\Python311\site-packages\starlette\middleware\errors.py", line 186, in __call__
    raise exc
  File "C:\Users\ADMIN\AppData\Roaming\Python\Python311\site-packages\starlette\middleware\errors.py", line 164, in __call__
    await self.app(scope, receive, _send)
  File "C:\Program Files\Python311\Lib\contextlib.py", line 222, in __aexit__
    await self.gen.athrow(typ, value, traceback)
  File "C:\Users\ADMIN\AppData\Roaming\Python\Python311\site-packages\starlette\_utils.py", line 93, in create_collapsing_task_group
    raise exc from exc.__cause__ or context
  File "C:\Users\ADMIN\AppData\Roaming\Python\Python311\site-packages\starlette\_utils.py", line 86, in create_collapsing_task_group
    yield tg
  File "C:\Users\ADMIN\AppData\Roaming\Python\Python311\site-packages\starlette\middleware\base.py", line 193, in __call__
    response = await self.dispatch_func(request, call_next)
               ^^^^^^^^^^^^^^^^^^^^^^^^^^^^^^^^^^^^^^^^^^^^
  File "C:\Users\ADMIN\AppData\Roaming\Python\Python311\site-packages\mlflow\server\fastapi_app.py", line 119, in gateway_timing_middleware
    return await call_next(request)
           ^^^^^^^^^^^^^^^^^^^^^^^^
  File "C:\Users\ADMIN\AppData\Roaming\Python\Python311\site-packages\starlette\middleware\base.py", line 168, in call_next
    raise app_exc from app_exc.__cause__ or app_exc.__context__
  File "C:\Users\ADMIN\AppData\Roaming\Python\Python311\site-packages\starlette\middleware\base.py", line 144, in coro
    await self.app(scope, receive_or_disconnect, send_no_error)
  File "C:\Program Files\Python311\Lib\contextlib.py", line 222, in __aexit__
    await self.gen.athrow(typ, value, traceback)
  File "C:\Users\ADMIN\AppData\Roaming\Python\Python311\site-packages\starlette\_utils.py", line 93, in create_collapsing_task_group
    raise exc from exc.__cause__ or context
  File "C:\Users\ADMIN\AppData\Roaming\Python\Python311\site-packages\starlette\_utils.py", line 86, in create_collapsing_task_group
    yield tg
  File "C:\Users\ADMIN\AppData\Roaming\Python\Python311\site-packages\starlette\middleware\base.py", line 193, in __call__
    response = await self.dispatch_func(request, call_next)
               ^^^^^^^^^^^^^^^^^^^^^^^^^^^^^^^^^^^^^^^^^^^^
  File "C:\Users\ADMIN\AppData\Roaming\Python\Python311\site-packages\mlflow\server\fastapi_app.py", line 104, in workspace_context_middleware
    response = await call_next(request)
               ^^^^^^^^^^^^^^^^^^^^^^^^
  File "C:\Users\ADMIN\AppData\Roaming\Python\Python311\site-packages\starlette\middleware\base.py", line 168, in call_next
    raise app_exc from app_exc.__cause__ or app_exc.__context__
  File "C:\Users\ADMIN\AppData\Roaming\Python\Python311\site-packages\starlette\middleware\base.py", line 144, in coro
    await self.app(scope, receive_or_disconnect, send_no_error)
  File "C:\Users\ADMIN\AppData\Roaming\Python\Python311\site-packages\mlflow\server\fastapi_security.py", line 59, in __call__
    return await self.app(scope, receive, send)
           ^^^^^^^^^^^^^^^^^^^^^^^^^^^^^^^^^^^^
  File "C:\Users\ADMIN\AppData\Roaming\Python\Python311\site-packages\starlette\middleware\cors.py", line 88, in __call__
    await self.app(scope, receive, send)
  File "C:\Users\ADMIN\AppData\Roaming\Python\Python311\site-packages\mlflow\server\fastapi_security.py", line 114, in __call__
    return await self.app(scope, receive, send)
           ^^^^^^^^^^^^^^^^^^^^^^^^^^^^^^^^^^^^
  File "C:\Users\ADMIN\AppData\Roaming\Python\Python311\site-packages\mlflow\server\fastapi_security.py", line 99, in __call__
    await self.app(scope, receive, send_wrapper)
  File "C:\Users\ADMIN\AppData\Roaming\Python\Python311\site-packages\starlette\middleware\exceptions.py", line 63, in __call__
    await wrap_app_handling_exceptions(self.app, conn)(scope, receive, send)
  File "C:\Users\ADMIN\AppData\Roaming\Python\Python311\site-packages\starlette\_exception_handler.py", line 53, in wrapped_app
    raise exc
  File "C:\Users\ADMIN\AppData\Roaming\Python\Python311\site-packages\starlette\_exception_handler.py", line 42, in wrapped_app
    await app(scope, receive, sender)
  File "C:\Users\ADMIN\AppData\Roaming\Python\Python311\site-packages\fastapi\middleware\asyncexitstack.py", line 18, in __call__
    await self.app(scope, receive, send)
  File "C:\Users\ADMIN\AppData\Roaming\Python\Python311\site-packages\starlette\routing.py", line 660, in __call__
    await self.middleware_stack(scope, receive, send)
  File "C:\Users\ADMIN\AppData\Roaming\Python\Python311\site-packages\fastapi\routing.py", line 2683, in app
    await route.handle(scope, receive, send)
  File "C:\Users\ADMIN\AppData\Roaming\Python\Python311\site-packages\fastapi\routing.py", line 1753, in handle
    await self.original_router.handle(scope, receive, send)
  File "C:\Users\ADMIN\AppData\Roaming\Python\Python311\site-packages\fastapi\routing.py", line 2738, in handle
    await included_router._handle_selected(scope, receive, send)
  File "C:\Users\ADMIN\AppData\Roaming\Python\Python311\site-packages\fastapi\routing.py", line 1773, in _handle_selected
    await original_route.handle(scope, receive, send)
  File "C:\Users\ADMIN\AppData\Roaming\Python\Python311\site-packages\fastapi\routing.py", line 1264, in handle
    await app(scope, receive, send)
  File "C:\Users\ADMIN\AppData\Roaming\Python\Python311\site-packages\fastapi\routing.py", line 150, in app
    await wrap_app_handling_exceptions(app, request)(scope, receive, send)
  File "C:\Users\ADMIN\AppData\Roaming\Python\Python311\site-packages\starlette\_exception_handler.py", line 53, in wrapped_app
    raise exc
  File "C:\Users\ADMIN\AppData\Roaming\Python\Python311\site-packages\starlette\_exception_handler.py", line 42, in wrapped_app
    await app(scope, receive, sender)
  File "C:\Users\ADMIN\AppData\Roaming\Python\Python311\site-packages\fastapi\routing.py", line 136, in app
    response = await f(request)
               ^^^^^^^^^^^^^^^^
  File "C:\Users\ADMIN\AppData\Roaming\Python\Python311\site-packages\fastapi\routing.py", line 690, in app
    raw_response = await run_endpoint_function(
                   ^^^^^^^^^^^^^^^^^^^^^^^^^^^^
  File "C:\Users\ADMIN\AppData\Roaming\Python\Python311\site-packages\fastapi\routing.py", line 344, in run_endpoint_function
    return await dependant.call(**values)
           ^^^^^^^^^^^^^^^^^^^^^^^^^^^^^^
  File "C:\Users\ADMIN\AppData\Roaming\Python\Python311\site-packages\mlflow\server\otel_api.py", line 139, in export_traces
    body = await request.body()
           ^^^^^^^^^^^^^^^^^^^^
  File "C:\Users\ADMIN\AppData\Roaming\Python\Python311\site-packages\starlette\requests.py", line 257, in body
    async for chunk in self.stream():
  File "C:\Users\ADMIN\AppData\Roaming\Python\Python311\site-packages\starlette\requests.py", line 251, in stream
    raise ClientDisconnect()
starlette.requests.ClientDisconnect
2026/07/07 23:15:49 INFO:     127.0.0.1:65024 - "POST /v1/traces HTTP/1.1" 200 OK
2026/07/07 23:15:52 INFO:     127.0.0.1:65024 - "POST /api/3.0/mlflow/traces HTTP/1.1" 200 OK
2026/07/07 23:15:54 INFO:     127.0.0.1:64393 - "POST /v1/traces HTTP/1.1" 200 OK
2026/07/07 23:16:14 INFO:     127.0.0.1:63648 - "POST /v1/traces HTTP/1.1" 200 OK
2026/07/07 23:16:17 INFO:     127.0.0.1:63648 - "POST /api/3.0/mlflow/traces HTTP/1.1" 200 OK
2026/07/07 23:16:19 INFO:     127.0.0.1:60202 - "POST /v1/traces HTTP/1.1" 200 OK
2026/07/07 23:16:39 INFO:     127.0.0.1:57563 - "POST /v1/traces HTTP/1.1" 200 OK
2026/07/07 23:16:39 INFO:     127.0.0.1:57564 - "POST /api/3.0/mlflow/traces HTTP/1.1" 200 OK
2026/07/07 23:18:24 INFO:     127.0.0.1:55809 - "POST /v1/traces HTTP/1.1" 200 OK
2026/07/07 23:18:27 INFO:     127.0.0.1:55809 - "POST /v1/traces HTTP/1.1" 200 OK
2026/07/07 23:18:29 INFO:     127.0.0.1:55812 - "POST /api/3.0/mlflow/traces HTTP/1.1" 200 OK
2026/07/07 23:18:44 INFO:     127.0.0.1:56338 - "POST /v1/traces HTTP/1.1" 200 OK
2026/07/07 23:18:47 INFO:     127.0.0.1:56338 - "POST /api/3.0/mlflow/traces HTTP/1.1" 200 OK
2026/07/07 23:18:49 INFO:     127.0.0.1:58573 - "POST /v1/traces HTTP/1.1" 200 OK
2026/07/07 23:18:52 INFO:     127.0.0.1:58573 - "POST /v1/traces HTTP/1.1" 200 OK
2026/07/07 23:18:57 INFO:     127.0.0.1:58573 - "POST /api/3.0/mlflow/traces HTTP/1.1" 200 OK
2026/07/07 23:20:59 ERROR:    Exception in ASGI application
  + Exception Group Traceback (most recent call last):
  |   File "C:\Users\ADMIN\AppData\Roaming\Python\Python311\site-packages\starlette\_utils.py", line 85, in create_collapsing_task_group
  |     async with anyio.create_task_group() as tg:
  |   File "C:\Users\ADMIN\AppData\Roaming\Python\Python311\site-packages\anyio\_backends\_asyncio.py", line 811, in __aexit__
  |     raise BaseExceptionGroup(
  | ExceptionGroup: unhandled errors in a TaskGroup (1 sub-exception)
  +-+---------------- 1 ----------------
    | Traceback (most recent call last):
    |   File "C:\Users\ADMIN\AppData\Roaming\Python\Python311\site-packages\uvicorn\protocols\http\httptools_impl.py", line 422, in run_asgi
    |     result = await app(  # type: ignore[func-returns-value]
    |              ^^^^^^^^^^^^^^^^^^^^^^^^^^^^^^^^^^^^^^^^^^^^^^
    |   File "C:\Users\ADMIN\AppData\Roaming\Python\Python311\site-packages\uvicorn\middleware\proxy_headers.py", line 63, in __call__
    |     return await self.app(scope, receive, send)
    |            ^^^^^^^^^^^^^^^^^^^^^^^^^^^^^^^^^^^^
    |   File "C:\Users\ADMIN\AppData\Roaming\Python\Python311\site-packages\fastapi\applications.py", line 1163, in __call__
    |     await super().__call__(scope, receive, send)
    |   File "C:\Users\ADMIN\AppData\Roaming\Python\Python311\site-packages\starlette\applications.py", line 90, in __call__
    |     await self.middleware_stack(scope, receive, send)
    |   File "C:\Users\ADMIN\AppData\Roaming\Python\Python311\site-packages\starlette\middleware\errors.py", line 186, in __call__
    |     raise exc
    |   File "C:\Users\ADMIN\AppData\Roaming\Python\Python311\site-packages\starlette\middleware\errors.py", line 164, in __call__
    |     await self.app(scope, receive, _send)
    |   File "C:\Program Files\Python311\Lib\contextlib.py", line 222, in __aexit__
    |     await self.gen.athrow(typ, value, traceback)
    |   File "C:\Users\ADMIN\AppData\Roaming\Python\Python311\site-packages\starlette\_utils.py", line 93, in create_collapsing_task_group
    |     raise exc from exc.__cause__ or context
    |   File "C:\Users\ADMIN\AppData\Roaming\Python\Python311\site-packages\starlette\_utils.py", line 86, in create_collapsing_task_group
    |     yield tg
    |   File "C:\Users\ADMIN\AppData\Roaming\Python\Python311\site-packages\starlette\middleware\base.py", line 193, in __call__
    |     response = await self.dispatch_func(request, call_next)
    |                ^^^^^^^^^^^^^^^^^^^^^^^^^^^^^^^^^^^^^^^^^^^^
    |   File "C:\Users\ADMIN\AppData\Roaming\Python\Python311\site-packages\mlflow\server\fastapi_app.py", line 119, in gateway_timing_middleware
    |     return await call_next(request)
    |            ^^^^^^^^^^^^^^^^^^^^^^^^
    |   File "C:\Users\ADMIN\AppData\Roaming\Python\Python311\site-packages\starlette\middleware\base.py", line 168, in call_next
    |     raise app_exc from app_exc.__cause__ or app_exc.__context__
    |   File "C:\Users\ADMIN\AppData\Roaming\Python\Python311\site-packages\starlette\middleware\base.py", line 144, in coro
    |     await self.app(scope, receive_or_disconnect, send_no_error)
    |   File "C:\Program Files\Python311\Lib\contextlib.py", line 222, in __aexit__
    |     await self.gen.athrow(typ, value, traceback)
    |   File "C:\Users\ADMIN\AppData\Roaming\Python\Python311\site-packages\starlette\_utils.py", line 93, in create_collapsing_task_group
    |     raise exc from exc.__cause__ or context
    |   File "C:\Users\ADMIN\AppData\Roaming\Python\Python311\site-packages\starlette\_utils.py", line 86, in create_collapsing_task_group
    |     yield tg
    |   File "C:\Users\ADMIN\AppData\Roaming\Python\Python311\site-packages\starlette\middleware\base.py", line 193, in __call__
    |     response = await self.dispatch_func(request, call_next)
    |                ^^^^^^^^^^^^^^^^^^^^^^^^^^^^^^^^^^^^^^^^^^^^
    |   File "C:\Users\ADMIN\AppData\Roaming\Python\Python311\site-packages\mlflow\server\fastapi_app.py", line 104, in workspace_context_middleware
    |     response = await call_next(request)
    |                ^^^^^^^^^^^^^^^^^^^^^^^^
    |   File "C:\Users\ADMIN\AppData\Roaming\Python\Python311\site-packages\starlette\middleware\base.py", line 168, in call_next
    |     raise app_exc from app_exc.__cause__ or app_exc.__context__
    |   File "C:\Users\ADMIN\AppData\Roaming\Python\Python311\site-packages\starlette\middleware\base.py", line 144, in coro
    |     await self.app(scope, receive_or_disconnect, send_no_error)
    |   File "C:\Users\ADMIN\AppData\Roaming\Python\Python311\site-packages\mlflow\server\fastapi_security.py", line 59, in __call__
    |     return await self.app(scope, receive, send)
    |            ^^^^^^^^^^^^^^^^^^^^^^^^^^^^^^^^^^^^
    |   File "C:\Users\ADMIN\AppData\Roaming\Python\Python311\site-packages\starlette\middleware\cors.py", line 88, in __call__
    |     await self.app(scope, receive, send)
    |   File "C:\Users\ADMIN\AppData\Roaming\Python\Python311\site-packages\mlflow\server\fastapi_security.py", line 114, in __call__
    |     return await self.app(scope, receive, send)
    |            ^^^^^^^^^^^^^^^^^^^^^^^^^^^^^^^^^^^^
    |   File "C:\Users\ADMIN\AppData\Roaming\Python\Python311\site-packages\mlflow\server\fastapi_security.py", line 99, in __call__
    |     await self.app(scope, receive, send_wrapper)
    |   File "C:\Users\ADMIN\AppData\Roaming\Python\Python311\site-packages\starlette\middleware\exceptions.py", line 63, in __call__
    |     await wrap_app_handling_exceptions(self.app, conn)(scope, receive, send)
    |   File "C:\Users\ADMIN\AppData\Roaming\Python\Python311\site-packages\starlette\_exception_handler.py", line 53, in wrapped_app
    |     raise exc
    |   File "C:\Users\ADMIN\AppData\Roaming\Python\Python311\site-packages\starlette\_exception_handler.py", line 42, in wrapped_app
    |     await app(scope, receive, sender)
    |   File "C:\Users\ADMIN\AppData\Roaming\Python\Python311\site-packages\fastapi\middleware\asyncexitstack.py", line 18, in __call__
    |     await self.app(scope, receive, send)
    |   File "C:\Users\ADMIN\AppData\Roaming\Python\Python311\site-packages\starlette\routing.py", line 660, in __call__
    |     await self.middleware_stack(scope, receive, send)
    |   File "C:\Users\ADMIN\AppData\Roaming\Python\Python311\site-packages\fastapi\routing.py", line 2683, in app
    |     await route.handle(scope, receive, send)
    |   File "C:\Users\ADMIN\AppData\Roaming\Python\Python311\site-packages\fastapi\routing.py", line 1753, in handle
    |     await self.original_router.handle(scope, receive, send)
    |   File "C:\Users\ADMIN\AppData\Roaming\Python\Python311\site-packages\fastapi\routing.py", line 2738, in handle
    |     await included_router._handle_selected(scope, receive, send)
    |   File "C:\Users\ADMIN\AppData\Roaming\Python\Python311\site-packages\fastapi\routing.py", line 1773, in _handle_selected
    |     await original_route.handle(scope, receive, send)
    |   File "C:\Users\ADMIN\AppData\Roaming\Python\Python311\site-packages\fastapi\routing.py", line 1264, in handle
    |     await app(scope, receive, send)
    |   File "C:\Users\ADMIN\AppData\Roaming\Python\Python311\site-packages\fastapi\routing.py", line 150, in app
    |     await wrap_app_handling_exceptions(app, request)(scope, receive, send)
    |   File "C:\Users\ADMIN\AppData\Roaming\Python\Python311\site-packages\starlette\_exception_handler.py", line 53, in wrapped_app
    |     raise exc
    |   File "C:\Users\ADMIN\AppData\Roaming\Python\Python311\site-packages\starlette\_exception_handler.py", line 42, in wrapped_app
    |     await app(scope, receive, sender)
    |   File "C:\Users\ADMIN\AppData\Roaming\Python\Python311\site-packages\fastapi\routing.py", line 136, in app
    |     response = await f(request)
    |                ^^^^^^^^^^^^^^^^
    |   File "C:\Users\ADMIN\AppData\Roaming\Python\Python311\site-packages\fastapi\routing.py", line 690, in app
    |     raw_response = await run_endpoint_function(
    |                    ^^^^^^^^^^^^^^^^^^^^^^^^^^^^
    |   File "C:\Users\ADMIN\AppData\Roaming\Python\Python311\site-packages\fastapi\routing.py", line 344, in run_endpoint_function
    |     return await dependant.call(**values)
    |            ^^^^^^^^^^^^^^^^^^^^^^^^^^^^^^
    |   File "C:\Users\ADMIN\AppData\Roaming\Python\Python311\site-packages\mlflow\server\otel_api.py", line 139, in export_traces
    |     body = await request.body()
    |            ^^^^^^^^^^^^^^^^^^^^
    |   File "C:\Users\ADMIN\AppData\Roaming\Python\Python311\site-packages\starlette\requests.py", line 257, in body
    |     async for chunk in self.stream():
    |   File "C:\Users\ADMIN\AppData\Roaming\Python\Python311\site-packages\starlette\requests.py", line 251, in stream
    |     raise ClientDisconnect()
    | starlette.requests.ClientDisconnect
    +------------------------------------

The above exception was the direct cause of the following exception:

Traceback (most recent call last):
  File "C:\Users\ADMIN\AppData\Roaming\Python\Python311\site-packages\uvicorn\protocols\http\httptools_impl.py", line 422, in run_asgi
    result = await app(  # type: ignore[func-returns-value]
             ^^^^^^^^^^^^^^^^^^^^^^^^^^^^^^^^^^^^^^^^^^^^^^
  File "C:\Users\ADMIN\AppData\Roaming\Python\Python311\site-packages\uvicorn\middleware\proxy_headers.py", line 63, in __call__
    return await self.app(scope, receive, send)
           ^^^^^^^^^^^^^^^^^^^^^^^^^^^^^^^^^^^^
  File "C:\Users\ADMIN\AppData\Roaming\Python\Python311\site-packages\fastapi\applications.py", line 1163, in __call__
    await super().__call__(scope, receive, send)
  File "C:\Users\ADMIN\AppData\Roaming\Python\Python311\site-packages\starlette\applications.py", line 90, in __call__
    await self.middleware_stack(scope, receive, send)
  File "C:\Users\ADMIN\AppData\Roaming\Python\Python311\site-packages\starlette\middleware\errors.py", line 186, in __call__
    raise exc
  File "C:\Users\ADMIN\AppData\Roaming\Python\Python311\site-packages\starlette\middleware\errors.py", line 164, in __call__
    await self.app(scope, receive, _send)
  File "C:\Program Files\Python311\Lib\contextlib.py", line 222, in __aexit__
    await self.gen.athrow(typ, value, traceback)
  File "C:\Users\ADMIN\AppData\Roaming\Python\Python311\site-packages\starlette\_utils.py", line 93, in create_collapsing_task_group
    raise exc from exc.__cause__ or context
  File "C:\Users\ADMIN\AppData\Roaming\Python\Python311\site-packages\starlette\_utils.py", line 86, in create_collapsing_task_group
    yield tg
  File "C:\Users\ADMIN\AppData\Roaming\Python\Python311\site-packages\starlette\middleware\base.py", line 193, in __call__
    response = await self.dispatch_func(request, call_next)
               ^^^^^^^^^^^^^^^^^^^^^^^^^^^^^^^^^^^^^^^^^^^^
  File "C:\Users\ADMIN\AppData\Roaming\Python\Python311\site-packages\mlflow\server\fastapi_app.py", line 119, in gateway_timing_middleware
    return await call_next(request)
           ^^^^^^^^^^^^^^^^^^^^^^^^
  File "C:\Users\ADMIN\AppData\Roaming\Python\Python311\site-packages\starlette\middleware\base.py", line 168, in call_next
    raise app_exc from app_exc.__cause__ or app_exc.__context__
  File "C:\Users\ADMIN\AppData\Roaming\Python\Python311\site-packages\starlette\middleware\base.py", line 144, in coro
    await self.app(scope, receive_or_disconnect, send_no_error)
  File "C:\Program Files\Python311\Lib\contextlib.py", line 222, in __aexit__
    await self.gen.athrow(typ, value, traceback)
  File "C:\Users\ADMIN\AppData\Roaming\Python\Python311\site-packages\starlette\_utils.py", line 93, in create_collapsing_task_group
    raise exc from exc.__cause__ or context
  File "C:\Users\ADMIN\AppData\Roaming\Python\Python311\site-packages\starlette\_utils.py", line 86, in create_collapsing_task_group
    yield tg
  File "C:\Users\ADMIN\AppData\Roaming\Python\Python311\site-packages\starlette\middleware\base.py", line 193, in __call__
    response = await self.dispatch_func(request, call_next)
               ^^^^^^^^^^^^^^^^^^^^^^^^^^^^^^^^^^^^^^^^^^^^
  File "C:\Users\ADMIN\AppData\Roaming\Python\Python311\site-packages\mlflow\server\fastapi_app.py", line 104, in workspace_context_middleware
    response = await call_next(request)
               ^^^^^^^^^^^^^^^^^^^^^^^^
  File "C:\Users\ADMIN\AppData\Roaming\Python\Python311\site-packages\starlette\middleware\base.py", line 168, in call_next
    raise app_exc from app_exc.__cause__ or app_exc.__context__
  File "C:\Users\ADMIN\AppData\Roaming\Python\Python311\site-packages\starlette\middleware\base.py", line 144, in coro
    await self.app(scope, receive_or_disconnect, send_no_error)
  File "C:\Users\ADMIN\AppData\Roaming\Python\Python311\site-packages\mlflow\server\fastapi_security.py", line 59, in __call__
    return await self.app(scope, receive, send)
           ^^^^^^^^^^^^^^^^^^^^^^^^^^^^^^^^^^^^
  File "C:\Users\ADMIN\AppData\Roaming\Python\Python311\site-packages\starlette\middleware\cors.py", line 88, in __call__
    await self.app(scope, receive, send)
  File "C:\Users\ADMIN\AppData\Roaming\Python\Python311\site-packages\mlflow\server\fastapi_security.py", line 114, in __call__
    return await self.app(scope, receive, send)
           ^^^^^^^^^^^^^^^^^^^^^^^^^^^^^^^^^^^^
  File "C:\Users\ADMIN\AppData\Roaming\Python\Python311\site-packages\mlflow\server\fastapi_security.py", line 99, in __call__
    await self.app(scope, receive, send_wrapper)
  File "C:\Users\ADMIN\AppData\Roaming\Python\Python311\site-packages\starlette\middleware\exceptions.py", line 63, in __call__
    await wrap_app_handling_exceptions(self.app, conn)(scope, receive, send)
  File "C:\Users\ADMIN\AppData\Roaming\Python\Python311\site-packages\starlette\_exception_handler.py", line 53, in wrapped_app
    raise exc
  File "C:\Users\ADMIN\AppData\Roaming\Python\Python311\site-packages\starlette\_exception_handler.py", line 42, in wrapped_app
    await app(scope, receive, sender)
  File "C:\Users\ADMIN\AppData\Roaming\Python\Python311\site-packages\fastapi\middleware\asyncexitstack.py", line 18, in __call__
    await self.app(scope, receive, send)
  File "C:\Users\ADMIN\AppData\Roaming\Python\Python311\site-packages\starlette\routing.py", line 660, in __call__
    await self.middleware_stack(scope, receive, send)
  File "C:\Users\ADMIN\AppData\Roaming\Python\Python311\site-packages\fastapi\routing.py", line 2683, in app
    await route.handle(scope, receive, send)
  File "C:\Users\ADMIN\AppData\Roaming\Python\Python311\site-packages\fastapi\routing.py", line 1753, in handle
    await self.original_router.handle(scope, receive, send)
  File "C:\Users\ADMIN\AppData\Roaming\Python\Python311\site-packages\fastapi\routing.py", line 2738, in handle
    await included_router._handle_selected(scope, receive, send)
  File "C:\Users\ADMIN\AppData\Roaming\Python\Python311\site-packages\fastapi\routing.py", line 1773, in _handle_selected
    await original_route.handle(scope, receive, send)
  File "C:\Users\ADMIN\AppData\Roaming\Python\Python311\site-packages\fastapi\routing.py", line 1264, in handle
    await app(scope, receive, send)
  File "C:\Users\ADMIN\AppData\Roaming\Python\Python311\site-packages\fastapi\routing.py", line 150, in app
    await wrap_app_handling_exceptions(app, request)(scope, receive, send)
  File "C:\Users\ADMIN\AppData\Roaming\Python\Python311\site-packages\starlette\_exception_handler.py", line 53, in wrapped_app
    raise exc
  File "C:\Users\ADMIN\AppData\Roaming\Python\Python311\site-packages\starlette\_exception_handler.py", line 42, in wrapped_app
    await app(scope, receive, sender)
  File "C:\Users\ADMIN\AppData\Roaming\Python\Python311\site-packages\fastapi\routing.py", line 136, in app
    response = await f(request)
               ^^^^^^^^^^^^^^^^
  File "C:\Users\ADMIN\AppData\Roaming\Python\Python311\site-packages\fastapi\routing.py", line 690, in app
    raw_response = await run_endpoint_function(
                   ^^^^^^^^^^^^^^^^^^^^^^^^^^^^
  File "C:\Users\ADMIN\AppData\Roaming\Python\Python311\site-packages\fastapi\routing.py", line 344, in run_endpoint_function
    return await dependant.call(**values)
           ^^^^^^^^^^^^^^^^^^^^^^^^^^^^^^
  File "C:\Users\ADMIN\AppData\Roaming\Python\Python311\site-packages\mlflow\server\otel_api.py", line 139, in export_traces
    body = await request.body()
           ^^^^^^^^^^^^^^^^^^^^
  File "C:\Users\ADMIN\AppData\Roaming\Python\Python311\site-packages\starlette\requests.py", line 257, in body
    async for chunk in self.stream():
  File "C:\Users\ADMIN\AppData\Roaming\Python\Python311\site-packages\starlette\requests.py", line 251, in stream
    raise ClientDisconnect()
starlette.requests.ClientDisconnect
2026/07/07 23:20:59 INFO:     127.0.0.1:57312 - "POST /v1/traces HTTP/1.1" 200 OK
2026/07/07 23:23:12 INFO:     127.0.0.1:62494 - "GET /api/2.0/mlflow/experiments/get-by-name?experiment_name=agent-p-solar-analytics HTTP/1.1" 200 OK
2026/07/07 23:23:38 INFO:     127.0.0.1:61931 - "POST /api/2.0/mlflow/traces/search HTTP/1.1" 405 Method Not Allowed
2026/07/07 23:23:59 INFO:     127.0.0.1:59782 - "GET /api/2.0/mlflow/experiments/get-by-name?experiment_name=agent-p-solar-analytics HTTP/1.1" 200 OK
2026/07/07 23:23:59 INFO:     127.0.0.1:59782 - "POST /api/3.0/mlflow/traces/search HTTP/1.1" 200 OK
2026/07/07 23:23:59 INFO:     127.0.0.1:59782 - "GET /api/3.0/mlflow/traces/batchGet?trace_ids=tr-aaf893cad5b2cf6df11a4e86b00d5565&trace_ids=tr-3df558e8520b0913499f4e05d6ddf847&trace_ids=tr-d23983696522effd41e56c5f1cfd86ba&trace_ids=tr-01643c9e276b6ff55ce4e68afcd47c77&trace_ids=tr-ccb0f970b03549c51761d159f509b1e4&trace_ids=tr-8b8b0e5bdca046d3bfe8de1fb4d322ed&trace_ids=tr-6b8ec1579b652a50f62ee393691a571c&trace_ids=tr-140a48cf7d25407880b68c22a3c505ba&trace_ids=tr-8f80696d3dc8c14d433313c7d65eaaa8&trace_ids=tr-ab7ebe503f9dcdaa51ee95c426320f0c HTTP/1.1" 200 OK
2026/07/07 23:24:01 INFO:     127.0.0.1:59807 - "GET /api/3.0/mlflow/traces/batchGet?trace_ids=tr-6e3ca8916e1f04ea8f63179fde4f4785&trace_ids=tr-3457a49887bd3036b67b4005f3db08ae HTTP/1.1" 200 OK
2026/07/07 23:24:21 INFO:     127.0.0.1:60425 - "GET /api/2.0/mlflow/experiments/get-by-name?experiment_name=agent-p-solar-analytics HTTP/1.1" 200 OK
2026/07/07 23:24:21 INFO:     127.0.0.1:60425 - "POST /api/3.0/mlflow/traces/search HTTP/1.1" 200 OK
2026/07/07 23:24:21 INFO:     127.0.0.1:60425 - "GET /api/3.0/mlflow/traces/batchGet?trace_ids=tr-3457a49887bd3036b67b4005f3db08ae&trace_ids=tr-6e3ca8916e1f04ea8f63179fde4f4785&trace_ids=tr-ab7ebe503f9dcdaa51ee95c426320f0c&trace_ids=tr-8f80696d3dc8c14d433313c7d65eaaa8&trace_ids=tr-140a48cf7d25407880b68c22a3c505ba&trace_ids=tr-6b8ec1579b652a50f62ee393691a571c&trace_ids=tr-8b8b0e5bdca046d3bfe8de1fb4d322ed&trace_ids=tr-ccb0f970b03549c51761d159f509b1e4&trace_ids=tr-01643c9e276b6ff55ce4e68afcd47c77&trace_ids=tr-d23983696522effd41e56c5f1cfd86ba HTTP/1.1" 200 OK
2026/07/07 23:24:23 INFO:     127.0.0.1:60427 - "GET /api/3.0/mlflow/traces/batchGet?trace_ids=tr-3df558e8520b0913499f4e05d6ddf847&trace_ids=tr-aaf893cad5b2cf6df11a4e86b00d5565 HTTP/1.1" 200 OK
2026/07/07 23:24:35 INFO:     127.0.0.1:63986 - "GET /api/2.0/mlflow/experiments/get-by-name?experiment_name=agent-p-solar-analytics HTTP/1.1" 200 OK
2026/07/07 23:24:35 INFO:     127.0.0.1:63986 - "POST /api/3.0/mlflow/traces/search HTTP/1.1" 200 OK
2026/07/07 23:24:35 INFO:     127.0.0.1:63986 - "GET /api/3.0/mlflow/traces/batchGet?trace_ids=tr-3457a49887bd3036b67b4005f3db08ae&trace_ids=tr-6e3ca8916e1f04ea8f63179fde4f4785&trace_ids=tr-ab7ebe503f9dcdaa51ee95c426320f0c&trace_ids=tr-8f80696d3dc8c14d433313c7d65eaaa8&trace_ids=tr-140a48cf7d25407880b68c22a3c505ba&trace_ids=tr-6b8ec1579b652a50f62ee393691a571c&trace_ids=tr-8b8b0e5bdca046d3bfe8de1fb4d322ed&trace_ids=tr-ccb0f970b03549c51761d159f509b1e4&trace_ids=tr-01643c9e276b6ff55ce4e68afcd47c77&trace_ids=tr-d23983696522effd41e56c5f1cfd86ba HTTP/1.1" 200 OK
2026/07/07 23:24:37 INFO:     127.0.0.1:63988 - "GET /api/3.0/mlflow/traces/batchGet?trace_ids=tr-3df558e8520b0913499f4e05d6ddf847&trace_ids=tr-aaf893cad5b2cf6df11a4e86b00d5565 HTTP/1.1" 200 OK
2026/07/07 23:24:48 INFO:     127.0.0.1:63991 - "GET /api/2.0/mlflow/experiments/get-by-name?experiment_name=agent-p-solar-analytics HTTP/1.1" 200 OK
2026/07/07 23:24:48 INFO:     127.0.0.1:63991 - "POST /api/3.0/mlflow/traces/search HTTP/1.1" 200 OK
2026/07/07 23:24:48 INFO:     127.0.0.1:63991 - "GET /api/3.0/mlflow/traces/batchGet?trace_ids=tr-3df558e8520b0913499f4e05d6ddf847&trace_ids=tr-aaf893cad5b2cf6df11a4e86b00d5565 HTTP/1.1" 200 OK
2026/07/07 23:24:50 INFO:     127.0.0.1:63994 - "GET /api/3.0/mlflow/traces/batchGet?trace_ids=tr-3457a49887bd3036b67b4005f3db08ae&trace_ids=tr-6e3ca8916e1f04ea8f63179fde4f4785&trace_ids=tr-ab7ebe503f9dcdaa51ee95c426320f0c&trace_ids=tr-8f80696d3dc8c14d433313c7d65eaaa8&trace_ids=tr-140a48cf7d25407880b68c22a3c505ba&trace_ids=tr-6b8ec1579b652a50f62ee393691a571c&trace_ids=tr-8b8b0e5bdca046d3bfe8de1fb4d322ed&trace_ids=tr-ccb0f970b03549c51761d159f509b1e4&trace_ids=tr-01643c9e276b6ff55ce4e68afcd47c77&trace_ids=tr-d23983696522effd41e56c5f1cfd86ba HTTP/1.1" 200 OK
2026/07/07 23:25:05 INFO:     127.0.0.1:54107 - "GET /api/2.0/mlflow/experiments/get-by-name?experiment_name=agent-p-solar-analytics HTTP/1.1" 200 OK
2026/07/07 23:25:05 INFO:     127.0.0.1:54107 - "POST /api/3.0/mlflow/traces/search HTTP/1.1" 200 OK
2026/07/07 23:25:05 INFO:     127.0.0.1:54107 - "GET /api/3.0/mlflow/traces/batchGet?trace_ids=tr-3df558e8520b0913499f4e05d6ddf847&trace_ids=tr-aaf893cad5b2cf6df11a4e86b00d5565 HTTP/1.1" 200 OK
2026/07/07 23:25:07 INFO:     127.0.0.1:54109 - "GET /api/3.0/mlflow/traces/batchGet?trace_ids=tr-3457a49887bd3036b67b4005f3db08ae&trace_ids=tr-6e3ca8916e1f04ea8f63179fde4f4785&trace_ids=tr-ab7ebe503f9dcdaa51ee95c426320f0c&trace_ids=tr-8f80696d3dc8c14d433313c7d65eaaa8&trace_ids=tr-140a48cf7d25407880b68c22a3c505ba&trace_ids=tr-6b8ec1579b652a50f62ee393691a571c&trace_ids=tr-8b8b0e5bdca046d3bfe8de1fb4d322ed&trace_ids=tr-ccb0f970b03549c51761d159f509b1e4&trace_ids=tr-01643c9e276b6ff55ce4e68afcd47c77&trace_ids=tr-d23983696522effd41e56c5f1cfd86ba HTTP/1.1" 200 OK
2026/07/07 23:37:12 INFO:     127.0.0.1:51712 - "GET /api/2.0/mlflow/experiments/get-by-name?experiment_name=agent-p-solar-analytics HTTP/1.1" 200 OK
2026/07/07 23:37:24 INFO:     127.0.0.1:58211 - "GET /version HTTP/1.1" 200 OK
2026/07/07 23:37:26 INFO:     127.0.0.1:58218 - "POST /v1/traces HTTP/1.1" 200 OK
2026/07/07 23:37:27 INFO:     127.0.0.1:58218 - "POST /v1/traces HTTP/1.1" 200 OK
2026/07/07 23:37:32 INFO:     127.0.0.1:58218 - "POST /v1/traces HTTP/1.1" 200 OK
2026/07/07 23:37:37 INFO:     127.0.0.1:58218 - "POST /v1/traces HTTP/1.1" 200 OK
2026/07/07 23:37:41 INFO:     127.0.0.1:58218 - "POST /v1/traces HTTP/1.1" 200 OK
2026/07/07 23:37:41 INFO:     127.0.0.1:58218 - "POST /api/3.0/mlflow/traces HTTP/1.1" 200 OK
2026/07/07 23:39:05 INFO:     127.0.0.1:59248 - "GET /api/2.0/mlflow/experiments/get-by-name?experiment_name=agent-p-solar-analytics HTTP/1.1" 200 OK
2026/07/07 23:39:05 INFO:     127.0.0.1:59248 - "POST /api/3.0/mlflow/traces/search HTTP/1.1" 200 OK
2026/07/07 23:39:05 INFO:     127.0.0.1:59248 - "GET /api/3.0/mlflow/traces/batchGet?trace_ids=tr-f719d7aa39ba1034984b3d8dafb515ed&trace_ids=tr-aaf893cad5b2cf6df11a4e86b00d5565&trace_ids=tr-3df558e8520b0913499f4e05d6ddf847&trace_ids=tr-d23983696522effd41e56c5f1cfd86ba&trace_ids=tr-01643c9e276b6ff55ce4e68afcd47c77 HTTP/1.1" 200 OK
2026/07/07 23:44:18 INFO:     127.0.0.1:63282 - "GET /api/2.0/mlflow/experiments/get-by-name?experiment_name=agent-p-solar-analytics HTTP/1.1" 200 OK
2026/07/07 23:44:29 INFO:     127.0.0.1:63305 - "GET /version HTTP/1.1" 200 OK
2026/07/07 23:44:31 INFO:     127.0.0.1:63307 - "POST /v1/traces HTTP/1.1" 200 OK
2026/07/07 23:44:32 INFO:     127.0.0.1:63307 - "POST /api/3.0/mlflow/traces HTTP/1.1" 200 OK
2026/07/07 23:44:47 INFO:     127.0.0.1:58928 - "GET /api/2.0/mlflow/experiments/get-by-name?experiment_name=agent-p-solar-analytics HTTP/1.1" 200 OK
2026/07/07 23:44:47 INFO:     127.0.0.1:58928 - "POST /api/3.0/mlflow/traces/search HTTP/1.1" 200 OK
2026/07/07 23:44:47 INFO:     127.0.0.1:58928 - "GET /api/3.0/mlflow/traces/batchGet?trace_ids=tr-645b09c829e9e48f0b2c32ac8d41bbdb&trace_ids=tr-f719d7aa39ba1034984b3d8dafb515ed&trace_ids=tr-aaf893cad5b2cf6df11a4e86b00d5565 HTTP/1.1" 200 OK
2026/07/07 23:49:31 INFO:     127.0.0.1:60886 - "GET /api/2.0/mlflow/experiments/get-by-name?experiment_name=agent-p-solar-analytics HTTP/1.1" 200 OK
2026/07/07 23:49:43 INFO:     127.0.0.1:57505 - "GET /version HTTP/1.1" 200 OK
2026/07/07 23:49:45 INFO:     127.0.0.1:57509 - "POST /v1/traces HTTP/1.1" 200 OK
2026/07/07 23:49:45 INFO:     127.0.0.1:57509 - "POST /api/3.0/mlflow/traces HTTP/1.1" 200 OK
2026/07/07 23:50:28 INFO:     127.0.0.1:62536 - "GET /api/2.0/mlflow/experiments/get-by-name?experiment_name=agent-p-solar-analytics HTTP/1.1" 200 OK
2026/07/07 23:50:29 INFO:     127.0.0.1:62536 - "POST /api/3.0/mlflow/traces/search HTTP/1.1" 200 OK
2026/07/07 23:50:29 INFO:     127.0.0.1:62536 - "GET /api/3.0/mlflow/traces/batchGet?trace_ids=tr-c98e493b0ed983cc2a72523df6e0b842&trace_ids=tr-645b09c829e9e48f0b2c32ac8d41bbdb&trace_ids=tr-f719d7aa39ba1034984b3d8dafb515ed HTTP/1.1" 200 OK
2026/07/07 23:58:47 INFO:     127.0.0.1:53994 - "GET /api/2.0/mlflow/experiments/get-by-name?experiment_name=agent-p-solar-analytics HTTP/1.1" 200 OK
2026/07/07 23:58:58 INFO:     127.0.0.1:60424 - "GET /version HTTP/1.1" 200 OK
2026/07/07 23:59:00 INFO:     127.0.0.1:60426 - "POST /v1/traces HTTP/1.1" 200 OK
2026/07/07 23:59:00 INFO:     127.0.0.1:60426 - "POST /api/3.0/mlflow/traces HTTP/1.1" 200 OK
2026/07/07 23:59:38 INFO:     127.0.0.1:60430 - "GET /api/2.0/mlflow/experiments/get-by-name?experiment_name=agent-p-solar-analytics HTTP/1.1" 200 OK
2026/07/07 23:59:38 INFO:     127.0.0.1:60430 - "POST /api/3.0/mlflow/traces/search HTTP/1.1" 200 OK
2026/07/07 23:59:38 INFO:     127.0.0.1:60430 - "GET /api/3.0/mlflow/traces/batchGet?trace_ids=tr-614495e6f68803c6d7144828dc477ef7&trace_ids=tr-c98e493b0ed983cc2a72523df6e0b842&trace_ids=tr-645b09c829e9e48f0b2c32ac8d41bbdb HTTP/1.1" 200 OK
2026/07/08 01:03:29 INFO:     127.0.0.1:55281 - "GET /health HTTP/1.1" 200 OK
2026/07/08 01:09:35 INFO:     127.0.0.1:56246 - "GET /api/2.0/mlflow/experiments/get-by-name?experiment_name=agent-p-solar-analytics HTTP/1.1" 200 OK
2026/07/08 01:10:01 INFO:     127.0.0.1:52838 - "GET /version HTTP/1.1" 200 OK
2026/07/08 01:10:03 INFO:     127.0.0.1:52841 - "POST /v1/traces HTTP/1.1" 200 OK
2026/07/08 01:10:03 INFO:     127.0.0.1:52841 - "POST /api/3.0/mlflow/traces HTTP/1.1" 200 OK
2026/07/08 01:13:00 INFO:     127.0.0.1:60410 - "GET /api/2.0/mlflow/experiments/get-by-name?experiment_name=agent-p-solar-analytics HTTP/1.1" 200 OK
2026/07/08 01:13:08 INFO:     127.0.0.1:60424 - "GET /version HTTP/1.1" 200 OK
2026/07/08 01:13:10 INFO:     127.0.0.1:60426 - "POST /v1/traces HTTP/1.1" 200 OK
2026/07/08 01:13:19 INFO:     127.0.0.1:60429 - "POST /v1/traces HTTP/1.1" 200 OK
2026/07/08 01:13:19 INFO:     127.0.0.1:60429 - "POST /api/3.0/mlflow/traces HTTP/1.1" 200 OK
2026/07/08 01:14:28 INFO:     127.0.0.1:62583 - "GET /api/2.0/mlflow/experiments/get-by-name?experiment_name=agent-p-solar-analytics HTTP/1.1" 200 OK
2026/07/08 01:14:29 INFO:     127.0.0.1:62583 - "POST /api/3.0/mlflow/traces/search HTTP/1.1" 200 OK
2026/07/08 01:14:29 INFO:     127.0.0.1:62583 - "GET /api/3.0/mlflow/traces/batchGet?trace_ids=tr-c2e291ea68c02f46c1334631c9ba94a8&trace_ids=tr-050352859d3b9d86354cccf6962bbcf3&trace_ids=tr-614495e6f68803c6d7144828dc477ef7 HTTP/1.1" 200 OK
2026/07/08 02:03:19 INFO:     127.0.0.1:56970 - "GET /api/2.0/mlflow/experiments/get-by-name?experiment_name=agent-p-solar-analytics HTTP/1.1" 200 OK
2026/07/08 02:03:42 INFO:     127.0.0.1:53979 - "GET /version HTTP/1.1" 200 OK
2026/07/08 02:03:45 INFO:     127.0.0.1:63726 - "POST /v1/traces HTTP/1.1" 200 OK
2026/07/08 02:03:47 INFO:     127.0.0.1:57938 - "POST /api/3.0/mlflow/traces HTTP/1.1" 200 OK
2026/07/08 02:03:47 INFO:     127.0.0.1:57939 - "POST /v1/traces HTTP/1.1" 200 OK
2026/07/08 02:03:49 INFO:     127.0.0.1:57939 - "POST /v1/traces HTTP/1.1" 200 OK
2026/07/08 02:03:51 INFO:     127.0.0.1:57948 - "GET /api/3.0/mlflow/server-info HTTP/1.1" 200 OK
2026/07/08 02:04:02 INFO:     127.0.0.1:57953 - "POST /v1/traces HTTP/1.1" 200 OK
2026/07/08 02:04:02 INFO:     127.0.0.1:57953 - "POST /api/3.0/mlflow/traces HTTP/1.1" 200 OK
2026/07/08 02:04:38 INFO:     127.0.0.1:64022 - "GET /api/2.0/mlflow/experiments/get-by-name?experiment_name=agent-p-solar-analytics HTTP/1.1" 200 OK
2026/07/08 02:04:38 INFO:     127.0.0.1:64022 - "POST /api/3.0/mlflow/traces/search HTTP/1.1" 200 OK
2026/07/08 02:04:38 INFO:     127.0.0.1:64022 - "GET /api/3.0/mlflow/traces/batchGet?trace_ids=tr-0854f95919c52412109d3f01f27086b1&trace_ids=tr-8b00ede74085effe99a5aa30f8592c1e&trace_ids=tr-c2e291ea68c02f46c1334631c9ba94a8&trace_ids=tr-050352859d3b9d86354cccf6962bbcf3&trace_ids=tr-614495e6f68803c6d7144828dc477ef7 HTTP/1.1" 200 OK
2026/07/08 02:06:30 INFO:     127.0.0.1:57107 - "GET /api/2.0/mlflow/experiments/get-by-name?experiment_name=agent-p-solar-analytics HTTP/1.1" 200 OK
2026/07/08 02:06:31 INFO:     127.0.0.1:57107 - "POST /api/3.0/mlflow/traces/search HTTP/1.1" 200 OK
2026/07/08 02:06:31 INFO:     127.0.0.1:57107 - "GET /api/3.0/mlflow/traces/batchGet?trace_ids=tr-0854f95919c52412109d3f01f27086b1&trace_ids=tr-8b00ede74085effe99a5aa30f8592c1e&trace_ids=tr-c2e291ea68c02f46c1334631c9ba94a8&trace_ids=tr-050352859d3b9d86354cccf6962bbcf3&trace_ids=tr-614495e6f68803c6d7144828dc477ef7 HTTP/1.1" 200 OK
2026/07/08 02:09:07 INFO:     127.0.0.1:54195 - "GET /api/2.0/mlflow/experiments/get-by-name?experiment_name=agent-p-solar-analytics HTTP/1.1" 200 OK
2026/07/08 02:09:24 INFO:     127.0.0.1:50061 - "GET /version HTTP/1.1" 200 OK
2026/07/08 02:09:26 INFO:     127.0.0.1:50064 - "POST /v1/traces HTTP/1.1" 200 OK
2026/07/08 02:09:27 INFO:     127.0.0.1:50064 - "POST /v1/traces HTTP/1.1" 200 OK
2026/07/08 02:09:33 INFO:     127.0.0.1:50064 - "POST /v1/traces HTTP/1.1" 200 OK
2026/07/08 02:09:37 INFO:     127.0.0.1:50064 - "POST /v1/traces HTTP/1.1" 200 OK
2026/07/08 02:09:39 INFO:     127.0.0.1:50064 - "POST /v1/traces HTTP/1.1" 200 OK
2026/07/08 02:09:40 INFO:     127.0.0.1:50064 - "POST /api/3.0/mlflow/traces HTTP/1.1" 200 OK
2026/07/08 02:23:18 INFO:     127.0.0.1:63565 - "GET /api/2.0/mlflow/experiments/get-by-name?experiment_name=agent-p-solar-analytics HTTP/1.1" 200 OK
2026/07/08 02:23:35 INFO:     127.0.0.1:56070 - "GET /version HTTP/1.1" 200 OK
2026/07/08 02:23:38 INFO:     127.0.0.1:56072 - "POST /v1/traces HTTP/1.1" 200 OK
2026/07/08 02:23:45 INFO:     127.0.0.1:55330 - "POST /v1/traces HTTP/1.1" 200 OK
2026/07/08 02:23:48 INFO:     127.0.0.1:55330 - "POST /v1/traces HTTP/1.1" 200 OK
2026/07/08 02:23:53 INFO:     127.0.0.1:55330 - "POST /v1/traces HTTP/1.1" 200 OK
2026/07/08 02:23:58 INFO:     127.0.0.1:55330 - "POST /api/3.0/mlflow/traces HTTP/1.1" 200 OK
2026/07/08 02:24:00 INFO:     127.0.0.1:55356 - "POST /v1/traces HTTP/1.1" 200 OK
2026/07/08 02:24:02 INFO:     127.0.0.1:55359 - "GET /api/3.0/mlflow/server-info HTTP/1.1" 200 OK
2026/07/08 02:24:03 INFO:     127.0.0.1:55356 - "POST /v1/traces HTTP/1.1" 200 OK
2026/07/08 02:24:09 INFO:     127.0.0.1:55356 - "POST /v1/traces HTTP/1.1" 200 OK
2026/07/08 02:24:13 INFO:     127.0.0.1:55356 - "POST /v1/traces HTTP/1.1" 200 OK
2026/07/08 02:24:18 INFO:     127.0.0.1:55356 - "POST /v1/traces HTTP/1.1" 200 OK
2026/07/08 02:24:23 INFO:     127.0.0.1:55356 - "POST /v1/traces HTTP/1.1" 200 OK
2026/07/08 02:24:28 INFO:     127.0.0.1:55356 - "POST /api/3.0/mlflow/traces HTTP/1.1" 200 OK
2026/07/08 02:25:41 INFO:     127.0.0.1:55330 - "POST /v1/traces HTTP/1.1" 200 OK
2026/07/08 02:25:41 INFO:     127.0.0.1:54341 - "POST /v1/traces HTTP/1.1" 200 OK
2026/07/08 02:25:44 INFO:     127.0.0.1:54341 - "POST /v1/traces HTTP/1.1" 200 OK
2026/07/08 02:25:48 INFO:     127.0.0.1:54341 - "POST /v1/traces HTTP/1.1" 200 OK
2026/07/08 02:25:53 INFO:     127.0.0.1:54341 - "POST /v1/traces HTTP/1.1" 200 OK
2026/07/08 02:26:01 INFO:     127.0.0.1:64037 - "POST /v1/traces HTTP/1.1" 200 OK
2026/07/08 02:26:04 INFO:     127.0.0.1:64037 - "POST /api/3.0/mlflow/traces HTTP/1.1" 200 OK
2026/07/08 02:26:06 INFO:     127.0.0.1:65311 - "POST /v1/traces HTTP/1.1" 200 OK
2026/07/08 02:26:51 INFO:     127.0.0.1:61453 - "POST /v1/traces HTTP/1.1" 200 OK
2026/07/08 02:26:54 INFO:     127.0.0.1:61453 - "POST /v1/traces HTTP/1.1" 200 OK
2026/07/08 02:26:59 INFO:     127.0.0.1:61453 - "POST /v1/traces HTTP/1.1" 200 OK
2026/07/08 02:27:06 INFO:     127.0.0.1:61487 - "POST /v1/traces HTTP/1.1" 200 OK
2026/07/08 02:27:09 INFO:     127.0.0.1:61487 - "POST /v1/traces HTTP/1.1" 200 OK
2026/07/08 02:27:11 INFO:     127.0.0.1:55273 - "POST /api/3.0/mlflow/traces HTTP/1.1" 200 OK
2026/07/08 02:29:19 INFO:     127.0.0.1:53259 - "GET /api/2.0/mlflow/experiments/get-by-name?experiment_name=agent-p-solar-analytics HTTP/1.1" 200 OK
2026/07/08 02:29:19 INFO:     127.0.0.1:53259 - "POST /api/3.0/mlflow/traces/search HTTP/1.1" 200 OK
2026/07/08 02:29:19 INFO:     127.0.0.1:53259 - "GET /api/3.0/mlflow/traces/batchGet?trace_ids=tr-32d7df7ef29499b2e5c20910e91bc510&trace_ids=tr-8c098df248ae3d2d71c696f6e5b4a79d&trace_ids=tr-2d59c62d736b161581c19a07bc2d58b8&trace_ids=tr-eb39ee453cc289cacbab8d6d914cc044&trace_ids=tr-910d91c04d21de93b547a0fc7ef8f440 HTTP/1.1" 200 OK
2026/07/08 02:41:54 INFO:     127.0.0.1:63998 - "GET /api/2.0/mlflow/experiments/get-by-name?experiment_name=agent-p-solar-analytics HTTP/1.1" 200 OK
2026/07/08 02:42:06 INFO:     127.0.0.1:64024 - "GET /version HTTP/1.1" 200 OK
2026/07/08 02:42:08 INFO:     127.0.0.1:64028 - "POST /v1/traces HTTP/1.1" 200 OK
2026/07/08 02:42:09 INFO:     127.0.0.1:64028 - "POST /v1/traces HTTP/1.1" 200 OK
2026/07/08 02:42:14 INFO:     127.0.0.1:64028 - "POST /v1/traces HTTP/1.1" 200 OK
2026/07/08 02:42:19 INFO:     127.0.0.1:64028 - "POST /v1/traces HTTP/1.1" 200 OK
2026/07/08 02:42:24 INFO:     127.0.0.1:64028 - "POST /api/3.0/mlflow/traces HTTP/1.1" 200 OK
2026/07/08 02:42:26 INFO:     127.0.0.1:61842 - "POST /v1/traces HTTP/1.1" 200 OK
2026/07/08 02:42:28 INFO:     127.0.0.1:61843 - "GET /api/3.0/mlflow/server-info HTTP/1.1" 200 OK
2026/07/08 02:42:59 INFO:     127.0.0.1:64226 - "GET /api/2.0/mlflow/experiments/get-by-name?experiment_name=agent-p-solar-analytics HTTP/1.1" 200 OK
2026/07/08 02:42:59 INFO:     127.0.0.1:64226 - "POST /api/3.0/mlflow/traces/search HTTP/1.1" 200 OK
2026/07/08 02:42:59 INFO:     127.0.0.1:64226 - "GET /api/3.0/mlflow/traces/batchGet?trace_ids=tr-5678ac13699660dc4632a4145bbdbb68&trace_ids=tr-32d7df7ef29499b2e5c20910e91bc510&trace_ids=tr-8c098df248ae3d2d71c696f6e5b4a79d HTTP/1.1" 200 OK
2026/07/08 02:50:06 INFO:     127.0.0.1:53592 - "GET /api/2.0/mlflow/experiments/get-by-name?experiment_name=agent-p-solar-analytics HTTP/1.1" 200 OK
2026/07/08 02:50:18 INFO:     127.0.0.1:52109 - "GET /version HTTP/1.1" 200 OK
2026/07/08 02:50:20 INFO:     127.0.0.1:52113 - "POST /v1/traces HTTP/1.1" 200 OK
2026/07/08 02:50:21 INFO:     127.0.0.1:52113 - "POST /v1/traces HTTP/1.1" 200 OK
2026/07/08 02:50:26 INFO:     127.0.0.1:52113 - "POST /v1/traces HTTP/1.1" 200 OK
2026/07/08 02:50:31 INFO:     127.0.0.1:52113 - "POST /api/3.0/mlflow/traces HTTP/1.1" 200 OK
2026/07/08 02:50:33 INFO:     127.0.0.1:63805 - "POST /v1/traces HTTP/1.1" 200 OK
2026/07/08 02:50:34 INFO:     127.0.0.1:63806 - "GET /api/3.0/mlflow/server-info HTTP/1.1" 200 OK
2026/07/08 02:57:14 INFO:     127.0.0.1:65213 - "POST /v1/traces HTTP/1.1" 200 OK
2026/07/08 02:57:17 INFO:     127.0.0.1:65213 - "POST /v1/traces HTTP/1.1" 200 OK
2026/07/08 02:57:22 INFO:     127.0.0.1:65213 - "POST /v1/traces HTTP/1.1" 200 OK
2026/07/08 02:57:27 INFO:     127.0.0.1:65213 - "POST /v1/traces HTTP/1.1" 200 OK
2026/07/08 02:57:32 INFO:     127.0.0.1:65213 - "POST /v1/traces HTTP/1.1" 200 OK
2026/07/08 02:57:37 INFO:     127.0.0.1:65213 - "POST /v1/traces HTTP/1.1" 200 OK
2026/07/08 02:57:39 INFO:     127.0.0.1:64377 - "POST /api/3.0/mlflow/traces HTTP/1.1" 200 OK
2026/07/08 02:59:46 INFO:     127.0.0.1:51276 - "GET /api/2.0/mlflow/experiments/get-by-name?experiment_name=agent-p-solar-analytics HTTP/1.1" 200 OK
2026/07/08 02:59:47 INFO:     127.0.0.1:51276 - "POST /api/3.0/mlflow/traces/search HTTP/1.1" 200 OK
2026/07/08 02:59:47 INFO:     127.0.0.1:51276 - "GET /api/3.0/mlflow/traces/batchGet?trace_ids=tr-4e93238deb32828a3b19c9939df95c1e&trace_ids=tr-0f938dbfd5cad30eaf36712ef1a2ce19&trace_ids=tr-5678ac13699660dc4632a4145bbdbb68 HTTP/1.1" 200 OK
2026/07/08 03:01:09 INFO:     127.0.0.1:56871 - "GET /api/2.0/mlflow/experiments/get-by-name?experiment_name=agent-p-solar-analytics HTTP/1.1" 200 OK
2026/07/08 03:01:09 INFO:     127.0.0.1:56871 - "POST /api/3.0/mlflow/traces/search HTTP/1.1" 200 OK
2026/07/08 03:01:09 INFO:     127.0.0.1:56871 - "GET /api/3.0/mlflow/traces/batchGet?trace_ids=tr-4e93238deb32828a3b19c9939df95c1e&trace_ids=tr-0f938dbfd5cad30eaf36712ef1a2ce19&trace_ids=tr-5678ac13699660dc4632a4145bbdbb68 HTTP/1.1" 200 OK
2026/07/08 03:11:34 INFO:     127.0.0.1:57917 - "GET /api/2.0/mlflow/experiments/get-by-name?experiment_name=agent-p-solar-analytics HTTP/1.1" 200 OK
2026/07/08 03:11:46 INFO:     127.0.0.1:50222 - "GET /version HTTP/1.1" 200 OK
2026/07/08 03:11:48 INFO:     127.0.0.1:50225 - "POST /v1/traces HTTP/1.1" 200 OK
2026/07/08 03:11:49 INFO:     127.0.0.1:50225 - "POST /v1/traces HTTP/1.1" 200 OK
2026/07/08 03:11:54 INFO:     127.0.0.1:50225 - "POST /v1/traces HTTP/1.1" 200 OK
2026/07/08 03:11:59 INFO:     127.0.0.1:50225 - "POST /v1/traces HTTP/1.1" 200 OK
2026/07/08 03:12:01 INFO:     127.0.0.1:63306 - "POST /api/3.0/mlflow/traces HTTP/1.1" 200 OK
2026/07/08 03:12:04 INFO:     127.0.0.1:63310 - "GET /api/3.0/mlflow/server-info HTTP/1.1" 200 OK
2026/07/08 03:27:32 INFO:     127.0.0.1:54209 - "POST /v1/traces HTTP/1.1" 200 OK
2026/07/08 03:27:35 INFO:     127.0.0.1:54209 - "POST /v1/traces HTTP/1.1" 200 OK
2026/07/08 03:27:40 INFO:     127.0.0.1:54209 - "POST /v1/traces HTTP/1.1" 200 OK
2026/07/08 03:27:45 INFO:     127.0.0.1:54209 - "POST /v1/traces HTTP/1.1" 200 OK
2026/07/08 03:27:48 INFO:     127.0.0.1:56620 - "POST /api/3.0/mlflow/traces HTTP/1.1" 200 OK
